[2023-05-30 14:47:52] local.ERROR: Command "server" is not defined.

Did you mean one of these?
    make:observer
    serve {"exception":"[object] (Symfony\\Component\\Console\\Exception\\CommandNotFoundException(code: 0): Command \"server\" is not defined.

Did you mean one of these?
    make:observer
    serve at C:\\Users\\rafif\\OneDrive\\Documents\\Kuliah\\Semester 4\\Pemweb\\ProjectPemweb\\vendor\\symfony\\console\\Application.php:702)
[stacktrace]
#0 C:\\Users\\rafif\\OneDrive\\Documents\\Kuliah\\Semester 4\\Pemweb\\ProjectPemweb\\vendor\\symfony\\console\\Application.php(256): Symfony\\Component\\Console\\Application->find('server')
#1 C:\\Users\\rafif\\OneDrive\\Documents\\Kuliah\\Semester 4\\Pemweb\\ProjectPemweb\\vendor\\symfony\\console\\Application.php(168): Symfony\\Component\\Console\\Application->doRun(Object(Symfony\\Component\\Console\\Input\\ArgvInput), Object(Symfony\\Component\\Console\\Output\\ConsoleOutput))
#2 C:\\Users\\rafif\\OneDrive\\Documents\\Kuliah\\Semester 4\\Pemweb\\ProjectPemweb\\vendor\\laravel\\framework\\src\\Illuminate\\Foundation\\Console\\Kernel.php(200): Symfony\\Component\\Console\\Application->run(Object(Symfony\\Component\\Console\\Input\\ArgvInput), Object(Symfony\\Component\\Console\\Output\\ConsoleOutput))
#3 C:\\Users\\rafif\\OneDrive\\Documents\\Kuliah\\Semester 4\\Pemweb\\ProjectPemweb\\artisan(35): Illuminate\\Foundation\\Console\\Kernel->handle(Object(Symfony\\Component\\Console\\Input\\ArgvInput), Object(Symfony\\Component\\Console\\Output\\ConsoleOutput))
#4 {main}
"} 
[2023-05-30 16:12:38] local.ERROR: SQLSTATE[42S01]: Base table or view already exists: 1050 Table 'roles' already exists (Connection: mysql, SQL: create table `roles` (`IDRole` char(10) not null, `NamaRole` char(10) not null, `Permission` char(255) not null) default character set utf8mb4 collate 'utf8mb4_unicode_ci') {"exception":"[object] (Illuminate\\Database\\QueryException(code: 42S01): SQLSTATE[42S01]: Base table or view already exists: 1050 Table 'roles' already exists (Connection: mysql, SQL: create table `roles` (`IDRole` char(10) not null, `NamaRole` char(10) not null, `Permission` char(255) not null) default character set utf8mb4 collate 'utf8mb4_unicode_ci') at C:\\Users\\rafif\\OneDrive\\Documents\\Kuliah\\Semester 4\\Pemweb\\ProjectPemweb\\vendor\\laravel\\framework\\src\\Illuminate\\Database\\Connection.php:793)
[stacktrace]
#0 C:\\Users\\rafif\\OneDrive\\Documents\\Kuliah\\Semester 4\\Pemweb\\ProjectPemweb\\vendor\\laravel\\framework\\src\\Illuminate\\Database\\Connection.php(753): Illuminate\\Database\\Connection->runQueryCallback('create table `r...', Array, Object(Closure))
#1 C:\\Users\\rafif\\OneDrive\\Documents\\Kuliah\\Semester 4\\Pemweb\\ProjectPemweb\\vendor\\laravel\\framework\\src\\Illuminate\\Database\\Connection.php(567): Illuminate\\Database\\Connection->run('create table `r...', Array, Object(Closure))
#2 C:\\Users\\rafif\\OneDrive\\Documents\\Kuliah\\Semester 4\\Pemweb\\ProjectPemweb\\vendor\\laravel\\framework\\src\\Illuminate\\Database\\Schema\\Blueprint.php(110): Illuminate\\Database\\Connection->statement('create table `r...')
#3 C:\\Users\\rafif\\OneDrive\\Documents\\Kuliah\\Semester 4\\Pemweb\\ProjectPemweb\\vendor\\laravel\\framework\\src\\Illuminate\\Database\\Schema\\Builder.php(439): Illuminate\\Database\\Schema\\Blueprint->build(Object(Illuminate\\Database\\MySqlConnection), Object(Illuminate\\Database\\Schema\\Grammars\\MySqlGrammar))
#4 C:\\Users\\rafif\\OneDrive\\Documents\\Kuliah\\Semester 4\\Pemweb\\ProjectPemweb\\vendor\\laravel\\framework\\src\\Illuminate\\Database\\Schema\\Builder.php(281): Illuminate\\Database\\Schema\\Builder->build(Object(Illuminate\\Database\\Schema\\Blueprint))
#5 C:\\Users\\rafif\\OneDrive\\Documents\\Kuliah\\Semester 4\\Pemweb\\ProjectPemweb\\vendor\\laravel\\framework\\src\\Illuminate\\Support\\Facades\\Facade.php(353): Illuminate\\Database\\Schema\\Builder->create('roles', Object(Closure))
#6 C:\\Users\\rafif\\OneDrive\\Documents\\Kuliah\\Semester 4\\Pemweb\\ProjectPemweb\\database\\migrations\\create_1_roles.php(14): Illuminate\\Support\\Facades\\Facade::__callStatic('create', Array)
#7 C:\\Users\\rafif\\OneDrive\\Documents\\Kuliah\\Semester 4\\Pemweb\\ProjectPemweb\\vendor\\laravel\\framework\\src\\Illuminate\\Database\\Migrations\\Migrator.php(493): Illuminate\\Database\\Migrations\\Migration@anonymous->up()
#8 C:\\Users\\rafif\\OneDrive\\Documents\\Kuliah\\Semester 4\\Pemweb\\ProjectPemweb\\vendor\\laravel\\framework\\src\\Illuminate\\Database\\Migrations\\Migrator.php(410): Illuminate\\Database\\Migrations\\Migrator->runMethod(Object(Illuminate\\Database\\MySqlConnection), Object(Illuminate\\Database\\Migrations\\Migration@anonymous), 'up')
#9 C:\\Users\\rafif\\OneDrive\\Documents\\Kuliah\\Semester 4\\Pemweb\\ProjectPemweb\\vendor\\laravel\\framework\\src\\Illuminate\\Database\\Migrations\\Migrator.php(419): Illuminate\\Database\\Migrations\\Migrator->Illuminate\\Database\\Migrations\\{closure}()
#10 C:\\Users\\rafif\\OneDrive\\Documents\\Kuliah\\Semester 4\\Pemweb\\ProjectPemweb\\vendor\\laravel\\framework\\src\\Illuminate\\Database\\Migrations\\Migrator.php(216): Illuminate\\Database\\Migrations\\Migrator->runMigration(Object(Illuminate\\Database\\Migrations\\Migration@anonymous), 'up')
#11 C:\\Users\\rafif\\OneDrive\\Documents\\Kuliah\\Semester 4\\Pemweb\\ProjectPemweb\\vendor\\laravel\\framework\\src\\Illuminate\\Console\\View\\Components\\Task.php(37): Illuminate\\Database\\Migrations\\Migrator->Illuminate\\Database\\Migrations\\{closure}()
#12 C:\\Users\\rafif\\OneDrive\\Documents\\Kuliah\\Semester 4\\Pemweb\\ProjectPemweb\\vendor\\laravel\\framework\\src\\Illuminate\\Database\\Migrations\\Migrator.php(756): Illuminate\\Console\\View\\Components\\Task->render('create_1_roles', Object(Closure))
#13 C:\\Users\\rafif\\OneDrive\\Documents\\Kuliah\\Semester 4\\Pemweb\\ProjectPemweb\\vendor\\laravel\\framework\\src\\Illuminate\\Database\\Migrations\\Migrator.php(216): Illuminate\\Database\\Migrations\\Migrator->write('Illuminate\\\\Cons...', 'create_1_roles', Object(Closure))
#14 C:\\Users\\rafif\\OneDrive\\Documents\\Kuliah\\Semester 4\\Pemweb\\ProjectPemweb\\vendor\\laravel\\framework\\src\\Illuminate\\Database\\Migrations\\Migrator.php(181): Illuminate\\Database\\Migrations\\Migrator->runUp('C:\\\\Users\\\\rafif\\\\...', 2, false)
#15 C:\\Users\\rafif\\OneDrive\\Documents\\Kuliah\\Semester 4\\Pemweb\\ProjectPemweb\\vendor\\laravel\\framework\\src\\Illuminate\\Database\\Migrations\\Migrator.php(124): Illuminate\\Database\\Migrations\\Migrator->runPending(Array, Array)
#16 C:\\Users\\rafif\\OneDrive\\Documents\\Kuliah\\Semester 4\\Pemweb\\ProjectPemweb\\vendor\\laravel\\framework\\src\\Illuminate\\Database\\Console\\Migrations\\MigrateCommand.php(88): Illuminate\\Database\\Migrations\\Migrator->run(Array, Array)
#17 C:\\Users\\rafif\\OneDrive\\Documents\\Kuliah\\Semester 4\\Pemweb\\ProjectPemweb\\vendor\\laravel\\framework\\src\\Illuminate\\Database\\Migrations\\Migrator.php(633): Illuminate\\Database\\Console\\Migrations\\MigrateCommand->Illuminate\\Database\\Console\\Migrations\\{closure}()
#18 C:\\Users\\rafif\\OneDrive\\Documents\\Kuliah\\Semester 4\\Pemweb\\ProjectPemweb\\vendor\\laravel\\framework\\src\\Illuminate\\Database\\Console\\Migrations\\MigrateCommand.php(81): Illuminate\\Database\\Migrations\\Migrator->usingConnection(NULL, Object(Closure))
#19 C:\\Users\\rafif\\OneDrive\\Documents\\Kuliah\\Semester 4\\Pemweb\\ProjectPemweb\\vendor\\laravel\\framework\\src\\Illuminate\\Container\\BoundMethod.php(36): Illuminate\\Database\\Console\\Migrations\\MigrateCommand->handle()
#20 C:\\Users\\rafif\\OneDrive\\Documents\\Kuliah\\Semester 4\\Pemweb\\ProjectPemweb\\vendor\\laravel\\framework\\src\\Illuminate\\Container\\Util.php(41): Illuminate\\Container\\BoundMethod::Illuminate\\Container\\{closure}()
#21 C:\\Users\\rafif\\OneDrive\\Documents\\Kuliah\\Semester 4\\Pemweb\\ProjectPemweb\\vendor\\laravel\\framework\\src\\Illuminate\\Container\\BoundMethod.php(93): Illuminate\\Container\\Util::unwrapIfClosure(Object(Closure))
#22 C:\\Users\\rafif\\OneDrive\\Documents\\Kuliah\\Semester 4\\Pemweb\\ProjectPemweb\\vendor\\laravel\\framework\\src\\Illuminate\\Container\\BoundMethod.php(35): Illuminate\\Container\\BoundMethod::callBoundMethod(Object(Illuminate\\Foundation\\Application), Array, Object(Closure))
#23 C:\\Users\\rafif\\OneDrive\\Documents\\Kuliah\\Semester 4\\Pemweb\\ProjectPemweb\\vendor\\laravel\\framework\\src\\Illuminate\\Container\\Container.php(662): Illuminate\\Container\\BoundMethod::call(Object(Illuminate\\Foundation\\Application), Array, Array, NULL)
#24 C:\\Users\\rafif\\OneDrive\\Documents\\Kuliah\\Semester 4\\Pemweb\\ProjectPemweb\\vendor\\laravel\\framework\\src\\Illuminate\\Console\\Command.php(208): Illuminate\\Container\\Container->call(Array)
#25 C:\\Users\\rafif\\OneDrive\\Documents\\Kuliah\\Semester 4\\Pemweb\\ProjectPemweb\\vendor\\symfony\\console\\Command\\Command.php(312): Illuminate\\Console\\Command->execute(Object(Symfony\\Component\\Console\\Input\\ArgvInput), Object(Illuminate\\Console\\OutputStyle))
#26 C:\\Users\\rafif\\OneDrive\\Documents\\Kuliah\\Semester 4\\Pemweb\\ProjectPemweb\\vendor\\laravel\\framework\\src\\Illuminate\\Console\\Command.php(177): Symfony\\Component\\Console\\Command\\Command->run(Object(Symfony\\Component\\Console\\Input\\ArgvInput), Object(Illuminate\\Console\\OutputStyle))
#27 C:\\Users\\rafif\\OneDrive\\Documents\\Kuliah\\Semester 4\\Pemweb\\ProjectPemweb\\vendor\\symfony\\console\\Application.php(1040): Illuminate\\Console\\Command->run(Object(Symfony\\Component\\Console\\Input\\ArgvInput), Object(Symfony\\Component\\Console\\Output\\ConsoleOutput))
#28 C:\\Users\\rafif\\OneDrive\\Documents\\Kuliah\\Semester 4\\Pemweb\\ProjectPemweb\\vendor\\symfony\\console\\Application.php(314): Symfony\\Component\\Console\\Application->doRunCommand(Object(Illuminate\\Database\\Console\\Migrations\\MigrateCommand), Object(Symfony\\Component\\Console\\Input\\ArgvInput), Object(Symfony\\Component\\Console\\Output\\ConsoleOutput))
#29 C:\\Users\\rafif\\OneDrive\\Documents\\Kuliah\\Semester 4\\Pemweb\\ProjectPemweb\\vendor\\symfony\\console\\Application.php(168): Symfony\\Component\\Console\\Application->doRun(Object(Symfony\\Component\\Console\\Input\\ArgvInput), Object(Symfony\\Component\\Console\\Output\\ConsoleOutput))
#30 C:\\Users\\rafif\\OneDrive\\Documents\\Kuliah\\Semester 4\\Pemweb\\ProjectPemweb\\vendor\\laravel\\framework\\src\\Illuminate\\Foundation\\Console\\Kernel.php(200): Symfony\\Component\\Console\\Application->run(Object(Symfony\\Component\\Console\\Input\\ArgvInput), Object(Symfony\\Component\\Console\\Output\\ConsoleOutput))
#31 C:\\Users\\rafif\\OneDrive\\Documents\\Kuliah\\Semester 4\\Pemweb\\ProjectPemweb\\artisan(35): Illuminate\\Foundation\\Console\\Kernel->handle(Object(Symfony\\Component\\Console\\Input\\ArgvInput), Object(Symfony\\Component\\Console\\Output\\ConsoleOutput))
#32 {main}

[previous exception] [object] (PDOException(code: 42S01): SQLSTATE[42S01]: Base table or view already exists: 1050 Table 'roles' already exists at C:\\Users\\rafif\\OneDrive\\Documents\\Kuliah\\Semester 4\\Pemweb\\ProjectPemweb\\vendor\\laravel\\framework\\src\\Illuminate\\Database\\Connection.php:578)
[stacktrace]
#0 C:\\Users\\rafif\\OneDrive\\Documents\\Kuliah\\Semester 4\\Pemweb\\ProjectPemweb\\vendor\\laravel\\framework\\src\\Illuminate\\Database\\Connection.php(578): PDOStatement->execute()
#1 C:\\Users\\rafif\\OneDrive\\Documents\\Kuliah\\Semester 4\\Pemweb\\ProjectPemweb\\vendor\\laravel\\framework\\src\\Illuminate\\Database\\Connection.php(786): Illuminate\\Database\\Connection->Illuminate\\Database\\{closure}('create table `r...', Array)
#2 C:\\Users\\rafif\\OneDrive\\Documents\\Kuliah\\Semester 4\\Pemweb\\ProjectPemweb\\vendor\\laravel\\framework\\src\\Illuminate\\Database\\Connection.php(753): Illuminate\\Database\\Connection->runQueryCallback('create table `r...', Array, Object(Closure))
#3 C:\\Users\\rafif\\OneDrive\\Documents\\Kuliah\\Semester 4\\Pemweb\\ProjectPemweb\\vendor\\laravel\\framework\\src\\Illuminate\\Database\\Connection.php(567): Illuminate\\Database\\Connection->run('create table `r...', Array, Object(Closure))
#4 C:\\Users\\rafif\\OneDrive\\Documents\\Kuliah\\Semester 4\\Pemweb\\ProjectPemweb\\vendor\\laravel\\framework\\src\\Illuminate\\Database\\Schema\\Blueprint.php(110): Illuminate\\Database\\Connection->statement('create table `r...')
#5 C:\\Users\\rafif\\OneDrive\\Documents\\Kuliah\\Semester 4\\Pemweb\\ProjectPemweb\\vendor\\laravel\\framework\\src\\Illuminate\\Database\\Schema\\Builder.php(439): Illuminate\\Database\\Schema\\Blueprint->build(Object(Illuminate\\Database\\MySqlConnection), Object(Illuminate\\Database\\Schema\\Grammars\\MySqlGrammar))
#6 C:\\Users\\rafif\\OneDrive\\Documents\\Kuliah\\Semester 4\\Pemweb\\ProjectPemweb\\vendor\\laravel\\framework\\src\\Illuminate\\Database\\Schema\\Builder.php(281): Illuminate\\Database\\Schema\\Builder->build(Object(Illuminate\\Database\\Schema\\Blueprint))
#7 C:\\Users\\rafif\\OneDrive\\Documents\\Kuliah\\Semester 4\\Pemweb\\ProjectPemweb\\vendor\\laravel\\framework\\src\\Illuminate\\Support\\Facades\\Facade.php(353): Illuminate\\Database\\Schema\\Builder->create('roles', Object(Closure))
#8 C:\\Users\\rafif\\OneDrive\\Documents\\Kuliah\\Semester 4\\Pemweb\\ProjectPemweb\\database\\migrations\\create_1_roles.php(14): Illuminate\\Support\\Facades\\Facade::__callStatic('create', Array)
#9 C:\\Users\\rafif\\OneDrive\\Documents\\Kuliah\\Semester 4\\Pemweb\\ProjectPemweb\\vendor\\laravel\\framework\\src\\Illuminate\\Database\\Migrations\\Migrator.php(493): Illuminate\\Database\\Migrations\\Migration@anonymous->up()
#10 C:\\Users\\rafif\\OneDrive\\Documents\\Kuliah\\Semester 4\\Pemweb\\ProjectPemweb\\vendor\\laravel\\framework\\src\\Illuminate\\Database\\Migrations\\Migrator.php(410): Illuminate\\Database\\Migrations\\Migrator->runMethod(Object(Illuminate\\Database\\MySqlConnection), Object(Illuminate\\Database\\Migrations\\Migration@anonymous), 'up')
#11 C:\\Users\\rafif\\OneDrive\\Documents\\Kuliah\\Semester 4\\Pemweb\\ProjectPemweb\\vendor\\laravel\\framework\\src\\Illuminate\\Database\\Migrations\\Migrator.php(419): Illuminate\\Database\\Migrations\\Migrator->Illuminate\\Database\\Migrations\\{closure}()
#12 C:\\Users\\rafif\\OneDrive\\Documents\\Kuliah\\Semester 4\\Pemweb\\ProjectPemweb\\vendor\\laravel\\framework\\src\\Illuminate\\Database\\Migrations\\Migrator.php(216): Illuminate\\Database\\Migrations\\Migrator->runMigration(Object(Illuminate\\Database\\Migrations\\Migration@anonymous), 'up')
#13 C:\\Users\\rafif\\OneDrive\\Documents\\Kuliah\\Semester 4\\Pemweb\\ProjectPemweb\\vendor\\laravel\\framework\\src\\Illuminate\\Console\\View\\Components\\Task.php(37): Illuminate\\Database\\Migrations\\Migrator->Illuminate\\Database\\Migrations\\{closure}()
#14 C:\\Users\\rafif\\OneDrive\\Documents\\Kuliah\\Semester 4\\Pemweb\\ProjectPemweb\\vendor\\laravel\\framework\\src\\Illuminate\\Database\\Migrations\\Migrator.php(756): Illuminate\\Console\\View\\Components\\Task->render('create_1_roles', Object(Closure))
#15 C:\\Users\\rafif\\OneDrive\\Documents\\Kuliah\\Semester 4\\Pemweb\\ProjectPemweb\\vendor\\laravel\\framework\\src\\Illuminate\\Database\\Migrations\\Migrator.php(216): Illuminate\\Database\\Migrations\\Migrator->write('Illuminate\\\\Cons...', 'create_1_roles', Object(Closure))
#16 C:\\Users\\rafif\\OneDrive\\Documents\\Kuliah\\Semester 4\\Pemweb\\ProjectPemweb\\vendor\\laravel\\framework\\src\\Illuminate\\Database\\Migrations\\Migrator.php(181): Illuminate\\Database\\Migrations\\Migrator->runUp('C:\\\\Users\\\\rafif\\\\...', 2, false)
#17 C:\\Users\\rafif\\OneDrive\\Documents\\Kuliah\\Semester 4\\Pemweb\\ProjectPemweb\\vendor\\laravel\\framework\\src\\Illuminate\\Database\\Migrations\\Migrator.php(124): Illuminate\\Database\\Migrations\\Migrator->runPending(Array, Array)
#18 C:\\Users\\rafif\\OneDrive\\Documents\\Kuliah\\Semester 4\\Pemweb\\ProjectPemweb\\vendor\\laravel\\framework\\src\\Illuminate\\Database\\Console\\Migrations\\MigrateCommand.php(88): Illuminate\\Database\\Migrations\\Migrator->run(Array, Array)
#19 C:\\Users\\rafif\\OneDrive\\Documents\\Kuliah\\Semester 4\\Pemweb\\ProjectPemweb\\vendor\\laravel\\framework\\src\\Illuminate\\Database\\Migrations\\Migrator.php(633): Illuminate\\Database\\Console\\Migrations\\MigrateCommand->Illuminate\\Database\\Console\\Migrations\\{closure}()
#20 C:\\Users\\rafif\\OneDrive\\Documents\\Kuliah\\Semester 4\\Pemweb\\ProjectPemweb\\vendor\\laravel\\framework\\src\\Illuminate\\Database\\Console\\Migrations\\MigrateCommand.php(81): Illuminate\\Database\\Migrations\\Migrator->usingConnection(NULL, Object(Closure))
#21 C:\\Users\\rafif\\OneDrive\\Documents\\Kuliah\\Semester 4\\Pemweb\\ProjectPemweb\\vendor\\laravel\\framework\\src\\Illuminate\\Container\\BoundMethod.php(36): Illuminate\\Database\\Console\\Migrations\\MigrateCommand->handle()
#22 C:\\Users\\rafif\\OneDrive\\Documents\\Kuliah\\Semester 4\\Pemweb\\ProjectPemweb\\vendor\\laravel\\framework\\src\\Illuminate\\Container\\Util.php(41): Illuminate\\Container\\BoundMethod::Illuminate\\Container\\{closure}()
#23 C:\\Users\\rafif\\OneDrive\\Documents\\Kuliah\\Semester 4\\Pemweb\\ProjectPemweb\\vendor\\laravel\\framework\\src\\Illuminate\\Container\\BoundMethod.php(93): Illuminate\\Container\\Util::unwrapIfClosure(Object(Closure))
#24 C:\\Users\\rafif\\OneDrive\\Documents\\Kuliah\\Semester 4\\Pemweb\\ProjectPemweb\\vendor\\laravel\\framework\\src\\Illuminate\\Container\\BoundMethod.php(35): Illuminate\\Container\\BoundMethod::callBoundMethod(Object(Illuminate\\Foundation\\Application), Array, Object(Closure))
#25 C:\\Users\\rafif\\OneDrive\\Documents\\Kuliah\\Semester 4\\Pemweb\\ProjectPemweb\\vendor\\laravel\\framework\\src\\Illuminate\\Container\\Container.php(662): Illuminate\\Container\\BoundMethod::call(Object(Illuminate\\Foundation\\Application), Array, Array, NULL)
#26 C:\\Users\\rafif\\OneDrive\\Documents\\Kuliah\\Semester 4\\Pemweb\\ProjectPemweb\\vendor\\laravel\\framework\\src\\Illuminate\\Console\\Command.php(208): Illuminate\\Container\\Container->call(Array)
#27 C:\\Users\\rafif\\OneDrive\\Documents\\Kuliah\\Semester 4\\Pemweb\\ProjectPemweb\\vendor\\symfony\\console\\Command\\Command.php(312): Illuminate\\Console\\Command->execute(Object(Symfony\\Component\\Console\\Input\\ArgvInput), Object(Illuminate\\Console\\OutputStyle))
#28 C:\\Users\\rafif\\OneDrive\\Documents\\Kuliah\\Semester 4\\Pemweb\\ProjectPemweb\\vendor\\laravel\\framework\\src\\Illuminate\\Console\\Command.php(177): Symfony\\Component\\Console\\Command\\Command->run(Object(Symfony\\Component\\Console\\Input\\ArgvInput), Object(Illuminate\\Console\\OutputStyle))
#29 C:\\Users\\rafif\\OneDrive\\Documents\\Kuliah\\Semester 4\\Pemweb\\ProjectPemweb\\vendor\\symfony\\console\\Application.php(1040): Illuminate\\Console\\Command->run(Object(Symfony\\Component\\Console\\Input\\ArgvInput), Object(Symfony\\Component\\Console\\Output\\ConsoleOutput))
#30 C:\\Users\\rafif\\OneDrive\\Documents\\Kuliah\\Semester 4\\Pemweb\\ProjectPemweb\\vendor\\symfony\\console\\Application.php(314): Symfony\\Component\\Console\\Application->doRunCommand(Object(Illuminate\\Database\\Console\\Migrations\\MigrateCommand), Object(Symfony\\Component\\Console\\Input\\ArgvInput), Object(Symfony\\Component\\Console\\Output\\ConsoleOutput))
#31 C:\\Users\\rafif\\OneDrive\\Documents\\Kuliah\\Semester 4\\Pemweb\\ProjectPemweb\\vendor\\symfony\\console\\Application.php(168): Symfony\\Component\\Console\\Application->doRun(Object(Symfony\\Component\\Console\\Input\\ArgvInput), Object(Symfony\\Component\\Console\\Output\\ConsoleOutput))
#32 C:\\Users\\rafif\\OneDrive\\Documents\\Kuliah\\Semester 4\\Pemweb\\ProjectPemweb\\vendor\\laravel\\framework\\src\\Illuminate\\Foundation\\Console\\Kernel.php(200): Symfony\\Component\\Console\\Application->run(Object(Symfony\\Component\\Console\\Input\\ArgvInput), Object(Symfony\\Component\\Console\\Output\\ConsoleOutput))
#33 C:\\Users\\rafif\\OneDrive\\Documents\\Kuliah\\Semester 4\\Pemweb\\ProjectPemweb\\artisan(35): Illuminate\\Foundation\\Console\\Kernel->handle(Object(Symfony\\Component\\Console\\Input\\ArgvInput), Object(Symfony\\Component\\Console\\Output\\ConsoleOutput))
#34 {main}
"} 
[2023-05-30 16:15:39] local.ERROR: SQLSTATE[42S01]: Base table or view already exists: 1050 Table 'roles' already exists (Connection: mysql, SQL: create table `roles` (`IDRole` char(10) not null, `NamaRole` char(10) not null, `Permission` char(255) not null) default character set utf8mb4 collate 'utf8mb4_unicode_ci') {"exception":"[object] (Illuminate\\Database\\QueryException(code: 42S01): SQLSTATE[42S01]: Base table or view already exists: 1050 Table 'roles' already exists (Connection: mysql, SQL: create table `roles` (`IDRole` char(10) not null, `NamaRole` char(10) not null, `Permission` char(255) not null) default character set utf8mb4 collate 'utf8mb4_unicode_ci') at C:\\Users\\rafif\\OneDrive\\Documents\\Kuliah\\Semester 4\\Pemweb\\ProjectPemweb\\vendor\\laravel\\framework\\src\\Illuminate\\Database\\Connection.php:793)
[stacktrace]
#0 C:\\Users\\rafif\\OneDrive\\Documents\\Kuliah\\Semester 4\\Pemweb\\ProjectPemweb\\vendor\\laravel\\framework\\src\\Illuminate\\Database\\Connection.php(753): Illuminate\\Database\\Connection->runQueryCallback('create table `r...', Array, Object(Closure))
#1 C:\\Users\\rafif\\OneDrive\\Documents\\Kuliah\\Semester 4\\Pemweb\\ProjectPemweb\\vendor\\laravel\\framework\\src\\Illuminate\\Database\\Connection.php(567): Illuminate\\Database\\Connection->run('create table `r...', Array, Object(Closure))
#2 C:\\Users\\rafif\\OneDrive\\Documents\\Kuliah\\Semester 4\\Pemweb\\ProjectPemweb\\vendor\\laravel\\framework\\src\\Illuminate\\Database\\Schema\\Blueprint.php(110): Illuminate\\Database\\Connection->statement('create table `r...')
#3 C:\\Users\\rafif\\OneDrive\\Documents\\Kuliah\\Semester 4\\Pemweb\\ProjectPemweb\\vendor\\laravel\\framework\\src\\Illuminate\\Database\\Schema\\Builder.php(439): Illuminate\\Database\\Schema\\Blueprint->build(Object(Illuminate\\Database\\MySqlConnection), Object(Illuminate\\Database\\Schema\\Grammars\\MySqlGrammar))
#4 C:\\Users\\rafif\\OneDrive\\Documents\\Kuliah\\Semester 4\\Pemweb\\ProjectPemweb\\vendor\\laravel\\framework\\src\\Illuminate\\Database\\Schema\\Builder.php(281): Illuminate\\Database\\Schema\\Builder->build(Object(Illuminate\\Database\\Schema\\Blueprint))
#5 C:\\Users\\rafif\\OneDrive\\Documents\\Kuliah\\Semester 4\\Pemweb\\ProjectPemweb\\vendor\\laravel\\framework\\src\\Illuminate\\Support\\Facades\\Facade.php(353): Illuminate\\Database\\Schema\\Builder->create('roles', Object(Closure))
#6 C:\\Users\\rafif\\OneDrive\\Documents\\Kuliah\\Semester 4\\Pemweb\\ProjectPemweb\\database\\migrations\\create_1_roles.php(14): Illuminate\\Support\\Facades\\Facade::__callStatic('create', Array)
#7 C:\\Users\\rafif\\OneDrive\\Documents\\Kuliah\\Semester 4\\Pemweb\\ProjectPemweb\\vendor\\laravel\\framework\\src\\Illuminate\\Database\\Migrations\\Migrator.php(493): Illuminate\\Database\\Migrations\\Migration@anonymous->up()
#8 C:\\Users\\rafif\\OneDrive\\Documents\\Kuliah\\Semester 4\\Pemweb\\ProjectPemweb\\vendor\\laravel\\framework\\src\\Illuminate\\Database\\Migrations\\Migrator.php(410): Illuminate\\Database\\Migrations\\Migrator->runMethod(Object(Illuminate\\Database\\MySqlConnection), Object(Illuminate\\Database\\Migrations\\Migration@anonymous), 'up')
#9 C:\\Users\\rafif\\OneDrive\\Documents\\Kuliah\\Semester 4\\Pemweb\\ProjectPemweb\\vendor\\laravel\\framework\\src\\Illuminate\\Database\\Migrations\\Migrator.php(419): Illuminate\\Database\\Migrations\\Migrator->Illuminate\\Database\\Migrations\\{closure}()
#10 C:\\Users\\rafif\\OneDrive\\Documents\\Kuliah\\Semester 4\\Pemweb\\ProjectPemweb\\vendor\\laravel\\framework\\src\\Illuminate\\Database\\Migrations\\Migrator.php(216): Illuminate\\Database\\Migrations\\Migrator->runMigration(Object(Illuminate\\Database\\Migrations\\Migration@anonymous), 'up')
#11 C:\\Users\\rafif\\OneDrive\\Documents\\Kuliah\\Semester 4\\Pemweb\\ProjectPemweb\\vendor\\laravel\\framework\\src\\Illuminate\\Console\\View\\Components\\Task.php(37): Illuminate\\Database\\Migrations\\Migrator->Illuminate\\Database\\Migrations\\{closure}()
#12 C:\\Users\\rafif\\OneDrive\\Documents\\Kuliah\\Semester 4\\Pemweb\\ProjectPemweb\\vendor\\laravel\\framework\\src\\Illuminate\\Database\\Migrations\\Migrator.php(756): Illuminate\\Console\\View\\Components\\Task->render('create_1_roles', Object(Closure))
#13 C:\\Users\\rafif\\OneDrive\\Documents\\Kuliah\\Semester 4\\Pemweb\\ProjectPemweb\\vendor\\laravel\\framework\\src\\Illuminate\\Database\\Migrations\\Migrator.php(216): Illuminate\\Database\\Migrations\\Migrator->write('Illuminate\\\\Cons...', 'create_1_roles', Object(Closure))
#14 C:\\Users\\rafif\\OneDrive\\Documents\\Kuliah\\Semester 4\\Pemweb\\ProjectPemweb\\vendor\\laravel\\framework\\src\\Illuminate\\Database\\Migrations\\Migrator.php(181): Illuminate\\Database\\Migrations\\Migrator->runUp('C:\\\\Users\\\\rafif\\\\...', 2, false)
#15 C:\\Users\\rafif\\OneDrive\\Documents\\Kuliah\\Semester 4\\Pemweb\\ProjectPemweb\\vendor\\laravel\\framework\\src\\Illuminate\\Database\\Migrations\\Migrator.php(124): Illuminate\\Database\\Migrations\\Migrator->runPending(Array, Array)
#16 C:\\Users\\rafif\\OneDrive\\Documents\\Kuliah\\Semester 4\\Pemweb\\ProjectPemweb\\vendor\\laravel\\framework\\src\\Illuminate\\Database\\Console\\Migrations\\MigrateCommand.php(88): Illuminate\\Database\\Migrations\\Migrator->run(Array, Array)
#17 C:\\Users\\rafif\\OneDrive\\Documents\\Kuliah\\Semester 4\\Pemweb\\ProjectPemweb\\vendor\\laravel\\framework\\src\\Illuminate\\Database\\Migrations\\Migrator.php(633): Illuminate\\Database\\Console\\Migrations\\MigrateCommand->Illuminate\\Database\\Console\\Migrations\\{closure}()
#18 C:\\Users\\rafif\\OneDrive\\Documents\\Kuliah\\Semester 4\\Pemweb\\ProjectPemweb\\vendor\\laravel\\framework\\src\\Illuminate\\Database\\Console\\Migrations\\MigrateCommand.php(81): Illuminate\\Database\\Migrations\\Migrator->usingConnection(NULL, Object(Closure))
#19 C:\\Users\\rafif\\OneDrive\\Documents\\Kuliah\\Semester 4\\Pemweb\\ProjectPemweb\\vendor\\laravel\\framework\\src\\Illuminate\\Container\\BoundMethod.php(36): Illuminate\\Database\\Console\\Migrations\\MigrateCommand->handle()
#20 C:\\Users\\rafif\\OneDrive\\Documents\\Kuliah\\Semester 4\\Pemweb\\ProjectPemweb\\vendor\\laravel\\framework\\src\\Illuminate\\Container\\Util.php(41): Illuminate\\Container\\BoundMethod::Illuminate\\Container\\{closure}()
#21 C:\\Users\\rafif\\OneDrive\\Documents\\Kuliah\\Semester 4\\Pemweb\\ProjectPemweb\\vendor\\laravel\\framework\\src\\Illuminate\\Container\\BoundMethod.php(93): Illuminate\\Container\\Util::unwrapIfClosure(Object(Closure))
#22 C:\\Users\\rafif\\OneDrive\\Documents\\Kuliah\\Semester 4\\Pemweb\\ProjectPemweb\\vendor\\laravel\\framework\\src\\Illuminate\\Container\\BoundMethod.php(35): Illuminate\\Container\\BoundMethod::callBoundMethod(Object(Illuminate\\Foundation\\Application), Array, Object(Closure))
#23 C:\\Users\\rafif\\OneDrive\\Documents\\Kuliah\\Semester 4\\Pemweb\\ProjectPemweb\\vendor\\laravel\\framework\\src\\Illuminate\\Container\\Container.php(662): Illuminate\\Container\\BoundMethod::call(Object(Illuminate\\Foundation\\Application), Array, Array, NULL)
#24 C:\\Users\\rafif\\OneDrive\\Documents\\Kuliah\\Semester 4\\Pemweb\\ProjectPemweb\\vendor\\laravel\\framework\\src\\Illuminate\\Console\\Command.php(208): Illuminate\\Container\\Container->call(Array)
#25 C:\\Users\\rafif\\OneDrive\\Documents\\Kuliah\\Semester 4\\Pemweb\\ProjectPemweb\\vendor\\symfony\\console\\Command\\Command.php(312): Illuminate\\Console\\Command->execute(Object(Symfony\\Component\\Console\\Input\\ArgvInput), Object(Illuminate\\Console\\OutputStyle))
#26 C:\\Users\\rafif\\OneDrive\\Documents\\Kuliah\\Semester 4\\Pemweb\\ProjectPemweb\\vendor\\laravel\\framework\\src\\Illuminate\\Console\\Command.php(177): Symfony\\Component\\Console\\Command\\Command->run(Object(Symfony\\Component\\Console\\Input\\ArgvInput), Object(Illuminate\\Console\\OutputStyle))
#27 C:\\Users\\rafif\\OneDrive\\Documents\\Kuliah\\Semester 4\\Pemweb\\ProjectPemweb\\vendor\\symfony\\console\\Application.php(1040): Illuminate\\Console\\Command->run(Object(Symfony\\Component\\Console\\Input\\ArgvInput), Object(Symfony\\Component\\Console\\Output\\ConsoleOutput))
#28 C:\\Users\\rafif\\OneDrive\\Documents\\Kuliah\\Semester 4\\Pemweb\\ProjectPemweb\\vendor\\symfony\\console\\Application.php(314): Symfony\\Component\\Console\\Application->doRunCommand(Object(Illuminate\\Database\\Console\\Migrations\\MigrateCommand), Object(Symfony\\Component\\Console\\Input\\ArgvInput), Object(Symfony\\Component\\Console\\Output\\ConsoleOutput))
#29 C:\\Users\\rafif\\OneDrive\\Documents\\Kuliah\\Semester 4\\Pemweb\\ProjectPemweb\\vendor\\symfony\\console\\Application.php(168): Symfony\\Component\\Console\\Application->doRun(Object(Symfony\\Component\\Console\\Input\\ArgvInput), Object(Symfony\\Component\\Console\\Output\\ConsoleOutput))
#30 C:\\Users\\rafif\\OneDrive\\Documents\\Kuliah\\Semester 4\\Pemweb\\ProjectPemweb\\vendor\\laravel\\framework\\src\\Illuminate\\Foundation\\Console\\Kernel.php(200): Symfony\\Component\\Console\\Application->run(Object(Symfony\\Component\\Console\\Input\\ArgvInput), Object(Symfony\\Component\\Console\\Output\\ConsoleOutput))
#31 C:\\Users\\rafif\\OneDrive\\Documents\\Kuliah\\Semester 4\\Pemweb\\ProjectPemweb\\artisan(35): Illuminate\\Foundation\\Console\\Kernel->handle(Object(Symfony\\Component\\Console\\Input\\ArgvInput), Object(Symfony\\Component\\Console\\Output\\ConsoleOutput))
#32 {main}

[previous exception] [object] (PDOException(code: 42S01): SQLSTATE[42S01]: Base table or view already exists: 1050 Table 'roles' already exists at C:\\Users\\rafif\\OneDrive\\Documents\\Kuliah\\Semester 4\\Pemweb\\ProjectPemweb\\vendor\\laravel\\framework\\src\\Illuminate\\Database\\Connection.php:578)
[stacktrace]
#0 C:\\Users\\rafif\\OneDrive\\Documents\\Kuliah\\Semester 4\\Pemweb\\ProjectPemweb\\vendor\\laravel\\framework\\src\\Illuminate\\Database\\Connection.php(578): PDOStatement->execute()
#1 C:\\Users\\rafif\\OneDrive\\Documents\\Kuliah\\Semester 4\\Pemweb\\ProjectPemweb\\vendor\\laravel\\framework\\src\\Illuminate\\Database\\Connection.php(786): Illuminate\\Database\\Connection->Illuminate\\Database\\{closure}('create table `r...', Array)
#2 C:\\Users\\rafif\\OneDrive\\Documents\\Kuliah\\Semester 4\\Pemweb\\ProjectPemweb\\vendor\\laravel\\framework\\src\\Illuminate\\Database\\Connection.php(753): Illuminate\\Database\\Connection->runQueryCallback('create table `r...', Array, Object(Closure))
#3 C:\\Users\\rafif\\OneDrive\\Documents\\Kuliah\\Semester 4\\Pemweb\\ProjectPemweb\\vendor\\laravel\\framework\\src\\Illuminate\\Database\\Connection.php(567): Illuminate\\Database\\Connection->run('create table `r...', Array, Object(Closure))
#4 C:\\Users\\rafif\\OneDrive\\Documents\\Kuliah\\Semester 4\\Pemweb\\ProjectPemweb\\vendor\\laravel\\framework\\src\\Illuminate\\Database\\Schema\\Blueprint.php(110): Illuminate\\Database\\Connection->statement('create table `r...')
#5 C:\\Users\\rafif\\OneDrive\\Documents\\Kuliah\\Semester 4\\Pemweb\\ProjectPemweb\\vendor\\laravel\\framework\\src\\Illuminate\\Database\\Schema\\Builder.php(439): Illuminate\\Database\\Schema\\Blueprint->build(Object(Illuminate\\Database\\MySqlConnection), Object(Illuminate\\Database\\Schema\\Grammars\\MySqlGrammar))
#6 C:\\Users\\rafif\\OneDrive\\Documents\\Kuliah\\Semester 4\\Pemweb\\ProjectPemweb\\vendor\\laravel\\framework\\src\\Illuminate\\Database\\Schema\\Builder.php(281): Illuminate\\Database\\Schema\\Builder->build(Object(Illuminate\\Database\\Schema\\Blueprint))
#7 C:\\Users\\rafif\\OneDrive\\Documents\\Kuliah\\Semester 4\\Pemweb\\ProjectPemweb\\vendor\\laravel\\framework\\src\\Illuminate\\Support\\Facades\\Facade.php(353): Illuminate\\Database\\Schema\\Builder->create('roles', Object(Closure))
#8 C:\\Users\\rafif\\OneDrive\\Documents\\Kuliah\\Semester 4\\Pemweb\\ProjectPemweb\\database\\migrations\\create_1_roles.php(14): Illuminate\\Support\\Facades\\Facade::__callStatic('create', Array)
#9 C:\\Users\\rafif\\OneDrive\\Documents\\Kuliah\\Semester 4\\Pemweb\\ProjectPemweb\\vendor\\laravel\\framework\\src\\Illuminate\\Database\\Migrations\\Migrator.php(493): Illuminate\\Database\\Migrations\\Migration@anonymous->up()
#10 C:\\Users\\rafif\\OneDrive\\Documents\\Kuliah\\Semester 4\\Pemweb\\ProjectPemweb\\vendor\\laravel\\framework\\src\\Illuminate\\Database\\Migrations\\Migrator.php(410): Illuminate\\Database\\Migrations\\Migrator->runMethod(Object(Illuminate\\Database\\MySqlConnection), Object(Illuminate\\Database\\Migrations\\Migration@anonymous), 'up')
#11 C:\\Users\\rafif\\OneDrive\\Documents\\Kuliah\\Semester 4\\Pemweb\\ProjectPemweb\\vendor\\laravel\\framework\\src\\Illuminate\\Database\\Migrations\\Migrator.php(419): Illuminate\\Database\\Migrations\\Migrator->Illuminate\\Database\\Migrations\\{closure}()
#12 C:\\Users\\rafif\\OneDrive\\Documents\\Kuliah\\Semester 4\\Pemweb\\ProjectPemweb\\vendor\\laravel\\framework\\src\\Illuminate\\Database\\Migrations\\Migrator.php(216): Illuminate\\Database\\Migrations\\Migrator->runMigration(Object(Illuminate\\Database\\Migrations\\Migration@anonymous), 'up')
#13 C:\\Users\\rafif\\OneDrive\\Documents\\Kuliah\\Semester 4\\Pemweb\\ProjectPemweb\\vendor\\laravel\\framework\\src\\Illuminate\\Console\\View\\Components\\Task.php(37): Illuminate\\Database\\Migrations\\Migrator->Illuminate\\Database\\Migrations\\{closure}()
#14 C:\\Users\\rafif\\OneDrive\\Documents\\Kuliah\\Semester 4\\Pemweb\\ProjectPemweb\\vendor\\laravel\\framework\\src\\Illuminate\\Database\\Migrations\\Migrator.php(756): Illuminate\\Console\\View\\Components\\Task->render('create_1_roles', Object(Closure))
#15 C:\\Users\\rafif\\OneDrive\\Documents\\Kuliah\\Semester 4\\Pemweb\\ProjectPemweb\\vendor\\laravel\\framework\\src\\Illuminate\\Database\\Migrations\\Migrator.php(216): Illuminate\\Database\\Migrations\\Migrator->write('Illuminate\\\\Cons...', 'create_1_roles', Object(Closure))
#16 C:\\Users\\rafif\\OneDrive\\Documents\\Kuliah\\Semester 4\\Pemweb\\ProjectPemweb\\vendor\\laravel\\framework\\src\\Illuminate\\Database\\Migrations\\Migrator.php(181): Illuminate\\Database\\Migrations\\Migrator->runUp('C:\\\\Users\\\\rafif\\\\...', 2, false)
#17 C:\\Users\\rafif\\OneDrive\\Documents\\Kuliah\\Semester 4\\Pemweb\\ProjectPemweb\\vendor\\laravel\\framework\\src\\Illuminate\\Database\\Migrations\\Migrator.php(124): Illuminate\\Database\\Migrations\\Migrator->runPending(Array, Array)
#18 C:\\Users\\rafif\\OneDrive\\Documents\\Kuliah\\Semester 4\\Pemweb\\ProjectPemweb\\vendor\\laravel\\framework\\src\\Illuminate\\Database\\Console\\Migrations\\MigrateCommand.php(88): Illuminate\\Database\\Migrations\\Migrator->run(Array, Array)
#19 C:\\Users\\rafif\\OneDrive\\Documents\\Kuliah\\Semester 4\\Pemweb\\ProjectPemweb\\vendor\\laravel\\framework\\src\\Illuminate\\Database\\Migrations\\Migrator.php(633): Illuminate\\Database\\Console\\Migrations\\MigrateCommand->Illuminate\\Database\\Console\\Migrations\\{closure}()
#20 C:\\Users\\rafif\\OneDrive\\Documents\\Kuliah\\Semester 4\\Pemweb\\ProjectPemweb\\vendor\\laravel\\framework\\src\\Illuminate\\Database\\Console\\Migrations\\MigrateCommand.php(81): Illuminate\\Database\\Migrations\\Migrator->usingConnection(NULL, Object(Closure))
#21 C:\\Users\\rafif\\OneDrive\\Documents\\Kuliah\\Semester 4\\Pemweb\\ProjectPemweb\\vendor\\laravel\\framework\\src\\Illuminate\\Container\\BoundMethod.php(36): Illuminate\\Database\\Console\\Migrations\\MigrateCommand->handle()
#22 C:\\Users\\rafif\\OneDrive\\Documents\\Kuliah\\Semester 4\\Pemweb\\ProjectPemweb\\vendor\\laravel\\framework\\src\\Illuminate\\Container\\Util.php(41): Illuminate\\Container\\BoundMethod::Illuminate\\Container\\{closure}()
#23 C:\\Users\\rafif\\OneDrive\\Documents\\Kuliah\\Semester 4\\Pemweb\\ProjectPemweb\\vendor\\laravel\\framework\\src\\Illuminate\\Container\\BoundMethod.php(93): Illuminate\\Container\\Util::unwrapIfClosure(Object(Closure))
#24 C:\\Users\\rafif\\OneDrive\\Documents\\Kuliah\\Semester 4\\Pemweb\\ProjectPemweb\\vendor\\laravel\\framework\\src\\Illuminate\\Container\\BoundMethod.php(35): Illuminate\\Container\\BoundMethod::callBoundMethod(Object(Illuminate\\Foundation\\Application), Array, Object(Closure))
#25 C:\\Users\\rafif\\OneDrive\\Documents\\Kuliah\\Semester 4\\Pemweb\\ProjectPemweb\\vendor\\laravel\\framework\\src\\Illuminate\\Container\\Container.php(662): Illuminate\\Container\\BoundMethod::call(Object(Illuminate\\Foundation\\Application), Array, Array, NULL)
#26 C:\\Users\\rafif\\OneDrive\\Documents\\Kuliah\\Semester 4\\Pemweb\\ProjectPemweb\\vendor\\laravel\\framework\\src\\Illuminate\\Console\\Command.php(208): Illuminate\\Container\\Container->call(Array)
#27 C:\\Users\\rafif\\OneDrive\\Documents\\Kuliah\\Semester 4\\Pemweb\\ProjectPemweb\\vendor\\symfony\\console\\Command\\Command.php(312): Illuminate\\Console\\Command->execute(Object(Symfony\\Component\\Console\\Input\\ArgvInput), Object(Illuminate\\Console\\OutputStyle))
#28 C:\\Users\\rafif\\OneDrive\\Documents\\Kuliah\\Semester 4\\Pemweb\\ProjectPemweb\\vendor\\laravel\\framework\\src\\Illuminate\\Console\\Command.php(177): Symfony\\Component\\Console\\Command\\Command->run(Object(Symfony\\Component\\Console\\Input\\ArgvInput), Object(Illuminate\\Console\\OutputStyle))
#29 C:\\Users\\rafif\\OneDrive\\Documents\\Kuliah\\Semester 4\\Pemweb\\ProjectPemweb\\vendor\\symfony\\console\\Application.php(1040): Illuminate\\Console\\Command->run(Object(Symfony\\Component\\Console\\Input\\ArgvInput), Object(Symfony\\Component\\Console\\Output\\ConsoleOutput))
#30 C:\\Users\\rafif\\OneDrive\\Documents\\Kuliah\\Semester 4\\Pemweb\\ProjectPemweb\\vendor\\symfony\\console\\Application.php(314): Symfony\\Component\\Console\\Application->doRunCommand(Object(Illuminate\\Database\\Console\\Migrations\\MigrateCommand), Object(Symfony\\Component\\Console\\Input\\ArgvInput), Object(Symfony\\Component\\Console\\Output\\ConsoleOutput))
#31 C:\\Users\\rafif\\OneDrive\\Documents\\Kuliah\\Semester 4\\Pemweb\\ProjectPemweb\\vendor\\symfony\\console\\Application.php(168): Symfony\\Component\\Console\\Application->doRun(Object(Symfony\\Component\\Console\\Input\\ArgvInput), Object(Symfony\\Component\\Console\\Output\\ConsoleOutput))
#32 C:\\Users\\rafif\\OneDrive\\Documents\\Kuliah\\Semester 4\\Pemweb\\ProjectPemweb\\vendor\\laravel\\framework\\src\\Illuminate\\Foundation\\Console\\Kernel.php(200): Symfony\\Component\\Console\\Application->run(Object(Symfony\\Component\\Console\\Input\\ArgvInput), Object(Symfony\\Component\\Console\\Output\\ConsoleOutput))
#33 C:\\Users\\rafif\\OneDrive\\Documents\\Kuliah\\Semester 4\\Pemweb\\ProjectPemweb\\artisan(35): Illuminate\\Foundation\\Console\\Kernel->handle(Object(Symfony\\Component\\Console\\Input\\ArgvInput), Object(Symfony\\Component\\Console\\Output\\ConsoleOutput))
#34 {main}
"} 
[2023-05-30 16:16:35] local.ERROR: Method Illuminate\Database\Schema\Blueprint::int does not exist. {"exception":"[object] (BadMethodCallException(code: 0): Method Illuminate\\Database\\Schema\\Blueprint::int does not exist. at C:\\Users\\rafif\\OneDrive\\Documents\\Kuliah\\Semester 4\\Pemweb\\ProjectPemweb\\vendor\\laravel\\framework\\src\\Illuminate\\Macroable\\Traits\\Macroable.php:113)
[stacktrace]
#0 C:\\Users\\rafif\\OneDrive\\Documents\\Kuliah\\Semester 4\\Pemweb\\ProjectPemweb\\database\\migrations\\create_7_tagihan.php(17): Illuminate\\Database\\Schema\\Blueprint->__call('int', Array)
#1 C:\\Users\\rafif\\OneDrive\\Documents\\Kuliah\\Semester 4\\Pemweb\\ProjectPemweb\\vendor\\laravel\\framework\\src\\Illuminate\\Database\\Schema\\Builder.php(284): Illuminate\\Database\\Migrations\\Migration@anonymous->{closure}(Object(Illuminate\\Database\\Schema\\Blueprint))
#2 C:\\Users\\rafif\\OneDrive\\Documents\\Kuliah\\Semester 4\\Pemweb\\ProjectPemweb\\vendor\\laravel\\framework\\src\\Illuminate\\Support\\helpers.php(307): Illuminate\\Database\\Schema\\Builder->Illuminate\\Database\\Schema\\{closure}(Object(Illuminate\\Database\\Schema\\Blueprint))
#3 C:\\Users\\rafif\\OneDrive\\Documents\\Kuliah\\Semester 4\\Pemweb\\ProjectPemweb\\vendor\\laravel\\framework\\src\\Illuminate\\Database\\Schema\\Builder.php(281): tap(Object(Illuminate\\Database\\Schema\\Blueprint), Object(Closure))
#4 C:\\Users\\rafif\\OneDrive\\Documents\\Kuliah\\Semester 4\\Pemweb\\ProjectPemweb\\vendor\\laravel\\framework\\src\\Illuminate\\Support\\Facades\\Facade.php(353): Illuminate\\Database\\Schema\\Builder->create('tagihan', Object(Closure))
#5 C:\\Users\\rafif\\OneDrive\\Documents\\Kuliah\\Semester 4\\Pemweb\\ProjectPemweb\\database\\migrations\\create_7_tagihan.php(14): Illuminate\\Support\\Facades\\Facade::__callStatic('create', Array)
#6 C:\\Users\\rafif\\OneDrive\\Documents\\Kuliah\\Semester 4\\Pemweb\\ProjectPemweb\\vendor\\laravel\\framework\\src\\Illuminate\\Database\\Migrations\\Migrator.php(493): Illuminate\\Database\\Migrations\\Migration@anonymous->up()
#7 C:\\Users\\rafif\\OneDrive\\Documents\\Kuliah\\Semester 4\\Pemweb\\ProjectPemweb\\vendor\\laravel\\framework\\src\\Illuminate\\Database\\Migrations\\Migrator.php(410): Illuminate\\Database\\Migrations\\Migrator->runMethod(Object(Illuminate\\Database\\MySqlConnection), Object(Illuminate\\Database\\Migrations\\Migration@anonymous), 'up')
#8 C:\\Users\\rafif\\OneDrive\\Documents\\Kuliah\\Semester 4\\Pemweb\\ProjectPemweb\\vendor\\laravel\\framework\\src\\Illuminate\\Database\\Migrations\\Migrator.php(419): Illuminate\\Database\\Migrations\\Migrator->Illuminate\\Database\\Migrations\\{closure}()
#9 C:\\Users\\rafif\\OneDrive\\Documents\\Kuliah\\Semester 4\\Pemweb\\ProjectPemweb\\vendor\\laravel\\framework\\src\\Illuminate\\Database\\Migrations\\Migrator.php(216): Illuminate\\Database\\Migrations\\Migrator->runMigration(Object(Illuminate\\Database\\Migrations\\Migration@anonymous), 'up')
#10 C:\\Users\\rafif\\OneDrive\\Documents\\Kuliah\\Semester 4\\Pemweb\\ProjectPemweb\\vendor\\laravel\\framework\\src\\Illuminate\\Console\\View\\Components\\Task.php(37): Illuminate\\Database\\Migrations\\Migrator->Illuminate\\Database\\Migrations\\{closure}()
#11 C:\\Users\\rafif\\OneDrive\\Documents\\Kuliah\\Semester 4\\Pemweb\\ProjectPemweb\\vendor\\laravel\\framework\\src\\Illuminate\\Database\\Migrations\\Migrator.php(756): Illuminate\\Console\\View\\Components\\Task->render('create_7_tagiha...', Object(Closure))
#12 C:\\Users\\rafif\\OneDrive\\Documents\\Kuliah\\Semester 4\\Pemweb\\ProjectPemweb\\vendor\\laravel\\framework\\src\\Illuminate\\Database\\Migrations\\Migrator.php(216): Illuminate\\Database\\Migrations\\Migrator->write('Illuminate\\\\Cons...', 'create_7_tagiha...', Object(Closure))
#13 C:\\Users\\rafif\\OneDrive\\Documents\\Kuliah\\Semester 4\\Pemweb\\ProjectPemweb\\vendor\\laravel\\framework\\src\\Illuminate\\Database\\Migrations\\Migrator.php(181): Illuminate\\Database\\Migrations\\Migrator->runUp('C:\\\\Users\\\\rafif\\\\...', 1, false)
#14 C:\\Users\\rafif\\OneDrive\\Documents\\Kuliah\\Semester 4\\Pemweb\\ProjectPemweb\\vendor\\laravel\\framework\\src\\Illuminate\\Database\\Migrations\\Migrator.php(124): Illuminate\\Database\\Migrations\\Migrator->runPending(Array, Array)
#15 C:\\Users\\rafif\\OneDrive\\Documents\\Kuliah\\Semester 4\\Pemweb\\ProjectPemweb\\vendor\\laravel\\framework\\src\\Illuminate\\Database\\Console\\Migrations\\MigrateCommand.php(88): Illuminate\\Database\\Migrations\\Migrator->run(Array, Array)
#16 C:\\Users\\rafif\\OneDrive\\Documents\\Kuliah\\Semester 4\\Pemweb\\ProjectPemweb\\vendor\\laravel\\framework\\src\\Illuminate\\Database\\Migrations\\Migrator.php(633): Illuminate\\Database\\Console\\Migrations\\MigrateCommand->Illuminate\\Database\\Console\\Migrations\\{closure}()
#17 C:\\Users\\rafif\\OneDrive\\Documents\\Kuliah\\Semester 4\\Pemweb\\ProjectPemweb\\vendor\\laravel\\framework\\src\\Illuminate\\Database\\Console\\Migrations\\MigrateCommand.php(81): Illuminate\\Database\\Migrations\\Migrator->usingConnection(NULL, Object(Closure))
#18 C:\\Users\\rafif\\OneDrive\\Documents\\Kuliah\\Semester 4\\Pemweb\\ProjectPemweb\\vendor\\laravel\\framework\\src\\Illuminate\\Container\\BoundMethod.php(36): Illuminate\\Database\\Console\\Migrations\\MigrateCommand->handle()
#19 C:\\Users\\rafif\\OneDrive\\Documents\\Kuliah\\Semester 4\\Pemweb\\ProjectPemweb\\vendor\\laravel\\framework\\src\\Illuminate\\Container\\Util.php(41): Illuminate\\Container\\BoundMethod::Illuminate\\Container\\{closure}()
#20 C:\\Users\\rafif\\OneDrive\\Documents\\Kuliah\\Semester 4\\Pemweb\\ProjectPemweb\\vendor\\laravel\\framework\\src\\Illuminate\\Container\\BoundMethod.php(93): Illuminate\\Container\\Util::unwrapIfClosure(Object(Closure))
#21 C:\\Users\\rafif\\OneDrive\\Documents\\Kuliah\\Semester 4\\Pemweb\\ProjectPemweb\\vendor\\laravel\\framework\\src\\Illuminate\\Container\\BoundMethod.php(35): Illuminate\\Container\\BoundMethod::callBoundMethod(Object(Illuminate\\Foundation\\Application), Array, Object(Closure))
#22 C:\\Users\\rafif\\OneDrive\\Documents\\Kuliah\\Semester 4\\Pemweb\\ProjectPemweb\\vendor\\laravel\\framework\\src\\Illuminate\\Container\\Container.php(662): Illuminate\\Container\\BoundMethod::call(Object(Illuminate\\Foundation\\Application), Array, Array, NULL)
#23 C:\\Users\\rafif\\OneDrive\\Documents\\Kuliah\\Semester 4\\Pemweb\\ProjectPemweb\\vendor\\laravel\\framework\\src\\Illuminate\\Console\\Command.php(208): Illuminate\\Container\\Container->call(Array)
#24 C:\\Users\\rafif\\OneDrive\\Documents\\Kuliah\\Semester 4\\Pemweb\\ProjectPemweb\\vendor\\symfony\\console\\Command\\Command.php(312): Illuminate\\Console\\Command->execute(Object(Symfony\\Component\\Console\\Input\\ArgvInput), Object(Illuminate\\Console\\OutputStyle))
#25 C:\\Users\\rafif\\OneDrive\\Documents\\Kuliah\\Semester 4\\Pemweb\\ProjectPemweb\\vendor\\laravel\\framework\\src\\Illuminate\\Console\\Command.php(177): Symfony\\Component\\Console\\Command\\Command->run(Object(Symfony\\Component\\Console\\Input\\ArgvInput), Object(Illuminate\\Console\\OutputStyle))
#26 C:\\Users\\rafif\\OneDrive\\Documents\\Kuliah\\Semester 4\\Pemweb\\ProjectPemweb\\vendor\\symfony\\console\\Application.php(1040): Illuminate\\Console\\Command->run(Object(Symfony\\Component\\Console\\Input\\ArgvInput), Object(Symfony\\Component\\Console\\Output\\ConsoleOutput))
#27 C:\\Users\\rafif\\OneDrive\\Documents\\Kuliah\\Semester 4\\Pemweb\\ProjectPemweb\\vendor\\symfony\\console\\Application.php(314): Symfony\\Component\\Console\\Application->doRunCommand(Object(Illuminate\\Database\\Console\\Migrations\\MigrateCommand), Object(Symfony\\Component\\Console\\Input\\ArgvInput), Object(Symfony\\Component\\Console\\Output\\ConsoleOutput))
#28 C:\\Users\\rafif\\OneDrive\\Documents\\Kuliah\\Semester 4\\Pemweb\\ProjectPemweb\\vendor\\symfony\\console\\Application.php(168): Symfony\\Component\\Console\\Application->doRun(Object(Symfony\\Component\\Console\\Input\\ArgvInput), Object(Symfony\\Component\\Console\\Output\\ConsoleOutput))
#29 C:\\Users\\rafif\\OneDrive\\Documents\\Kuliah\\Semester 4\\Pemweb\\ProjectPemweb\\vendor\\laravel\\framework\\src\\Illuminate\\Foundation\\Console\\Kernel.php(200): Symfony\\Component\\Console\\Application->run(Object(Symfony\\Component\\Console\\Input\\ArgvInput), Object(Symfony\\Component\\Console\\Output\\ConsoleOutput))
#30 C:\\Users\\rafif\\OneDrive\\Documents\\Kuliah\\Semester 4\\Pemweb\\ProjectPemweb\\artisan(35): Illuminate\\Foundation\\Console\\Kernel->handle(Object(Symfony\\Component\\Console\\Input\\ArgvInput), Object(Symfony\\Component\\Console\\Output\\ConsoleOutput))
#31 {main}
"} 
